{"C:\\Users\\USER\\Desktop\\Reto\\NodeJS-JWT\\routes\\rutas.js": {"path":"C:\\Users\\USER\\Desktop\\Reto\\NodeJS-JWT\\routes\\rutas.js","statementMap":{"0":{"start":{"line":5,"column":4},"end":{"line":5,"column":29}},"1":{"start":{"line":11,"column":0},"end":{"line":13,"column":1}}},"fnMap":{"0":{"name":"index","decl":{"start":{"line":4,"column":9},"end":{"line":4,"column":14}},"loc":{"start":{"line":4,"column":25},"end":{"line":6,"column":1}},"line":4}},"branchMap":{},"s":{"0":1,"1":1},"f":{"0":1},"b":{},"_coverageSchema":"1a1c01bbd47fc00a2c39e90264f33305004495a9","hash":"9723cfafd05a44fe26e323b51bc2829b76ce9039"}
}
